#
# There is insufficient memory for the Java Runtime Environment to continue.
# Native memory allocation (mmap) failed to map 123731968 bytes for G1 virtual space
# Possible reasons:
#   The system is out of physical RAM or swap space
#   The process is running with CompressedOops enabled, and the Java Heap may be blocking the growth of the native heap
# Possible solutions:
#   Reduce memory load on the system
#   Increase physical memory or swap space
#   Check if swap backing store is full
#   Decrease Java heap size (-Xmx/-Xms)
#   Decrease number of Java threads
#   Decrease Java thread stack sizes (-Xss)
#   Set larger code cache with -XX:ReservedCodeCacheSize=
#   JVM is running with Unscaled Compressed Oops mode in which the Java heap is
#     placed in the first 4GB address space. The Java Heap base address is the
#     maximum limit for the native heap growth. Please use -XX:HeapBaseMinAddress
#     to set the Java Heap base and to place the Java Heap above 4GB virtual address.
# This output file may be truncated or incomplete.
#
#  Out of Memory Error (os_windows.cpp:3825), pid=1404, tid=6164
#
# JRE version:  (17.0.10+1) (build )
# Java VM: OpenJDK 64-Bit Server VM (17.0.10+1-b1207.14, mixed mode, sharing, tiered, compressed oops, compressed class ptrs, g1 gc, windows-amd64)
# No core dump will be written. Minidumps are not enabled by default on client versions of Windows
#

---------------  S U M M A R Y ------------

Command Line: git4idea.http.GitAskPassApp Username for 'https://github.com': 

Host: AMD Ryzen 3 5300U with Radeon Graphics         , 8 cores, 7G,  Windows 10 , 64 bit Build 19041 (10.0.19041.3636)
Time: Mon Jun  3 22:12:38 2024 RTZ 4 (s 10 , 64 bit Build 19041 (10.0.19041.3636) elapsed time: 0.008520 seconds (0d 0h 0m 0s)

---------------  T H R E A D  ---------------

Current thread (0x000001bd6899fbf0):  JavaThread "Unknown thread" [_thread_in_vm, id=6164, stack(0x00000021aee00000,0x00000021aef00000)]

Stack: [0x00000021aee00000,0x00000021aef00000]
Native frames: (J=compiled Java code, j=interpreted, Vv=VM code, C=native code)
V  [jvm.dll+0x687989]
V  [jvm.dll+0x84116a]
V  [jvm.dll+0x842dae]
V  [jvm.dll+0x843413]
V  [jvm.dll+0x249ccf]
V  [jvm.dll+0x684759]
V  [jvm.dll+0x67900a]
V  [jvm.dll+0x30ab0b]
V  [jvm.dll+0x311fb6]
V  [jvm.dll+0x361d5e]
V  [jvm.dll+0x361f8f]
V  [jvm.dll+0x2e07f8]
V  [jvm.dll+0x2e1764]
V  [jvm.dll+0x811c31]
V  [jvm.dll+0x36fc11]
V  [jvm.dll+0x7f0666]
V  [jvm.dll+0x3f3daf]
V  [jvm.dll+0x3f5a41]
C  [jli.dll+0x528f]
C  [ucrtbase.dll+0x21bb2]
C  [KERNEL32.DLL+0x17344]
C  [ntdll.dll+0x526b1]


---------------  P R O C E S S  ---------------

Threads class SMR info:
_java_thread_list=0x00007ffade8ddf58, length=0, elements={
}

Java Threads: ( => current thread )

Other Threads:
  0x000001bd689f5720 GCTaskThread "GC Thread#0" [stack: 0x00000021aef00000,0x00000021af000000] [id=7776]
  0x000001bd68a051b0 ConcurrentGCThread "G1 Main Marker" [stack: 0x00000021af000000,0x00000021af100000] [id=9824]
  0x000001bd68a05bd0 ConcurrentGCThread "G1 Conc#0" [stack: 0x00000021af100000,0x00000021af200000] [id=14696]

[error occurred during error reporting (printing all threads), id 0xc0000005, EXCEPTION_ACCESS_VIOLATION (0xc0000005) at pc=0x00007ffade0913c7]

VM state: not at safepoint (not fully initialized)

VM Mutex/Monitor currently owned by a thread:  ([mutex/lock_event])
[0x000001bd68999870] Heap_lock - owner thread: 0x000001bd6899fbf0

Heap address: 0x000000008a600000, size: 1882 MB, Compressed Oops mode: 32-bit

CDS archive(s) mapped at: [0x0000000000000000-0x0000000000000000-0x0000000000000000), size 0, SharedBaseAddress: 0x0000000800000000, ArchiveRelocationMode: 1.
Narrow klass base: 0x0000000000000000, Narrow klass shift: 0, Narrow klass range: 0x0

GC Precious Log:
<Empty>

Heap:
 garbage-first heap   total 0K, used 0K [0x000000008a600000, 0x0000000100000000)
  region size 1024K, 0 young (0K), 0 survivors (0K)
 Metaspace       used 0K, committed 0K, reserved 0K
  class space    used 0K, committed 0K, reserved 0K

Heap Regions: E=young(eden), S=young(survivor), O=old, HS=humongous(starts), HC=humongous(continues), CS=collection set, F=free, OA=open archive, CA=closed archive, TAMS=top-at-mark-start (previous, next)

Card table byte_map: [0x000001bd7b800000,0x000001bd7bbb0000] _byte_map_base: 0x000001bd7b3ad000

Marking Bits (Prev, Next): (CMBitMap*) 0x000001bd689f5d40, (CMBitMap*) 0x000001bd689f5d80
 Prev Bits: [0x000001bd7bf60000, 0x000001bd7dcc8000)
 Next Bits: [0x000001bd7dcd0000, 0x000001bd7fa38000)

GC Heap History (0 events):
No events

Dll operation events (1 events):
Event: 0.005 Loaded shared library C:\Program Files\JetBrains\PyCharm Community Edition 2024.1.1\jbr\bin\java.dll

Deoptimization events (0 events):
No events

Classes unloaded (0 events):
No events

Classes redefined (0 events):
No events

Internal exceptions (0 events):
No events

VM Operations (0 events):
No events

Events (0 events):
No events


Dynamic libraries:
0x00007ff6df220000 - 0x00007ff6df22a000 	C:\Program Files\JetBrains\PyCharm Community Edition 2024.1.1\jbr\bin\java.exe
0x00007ffb14d70000 - 0x00007ffb14f68000 	C:\Windows\SYSTEM32\ntdll.dll
0x00007ffb14ba0000 - 0x00007ffb14c5d000 	C:\Windows\System32\KERNEL32.DLL
0x00007ffb12580000 - 0x00007ffb12876000 	C:\Windows\System32\KERNELBASE.dll
0x00007ffb123f0000 - 0x00007ffb124f0000 	C:\Windows\System32\ucrtbase.dll
0x00007ffaf7470000 - 0x00007ffaf7487000 	C:\Program Files\JetBrains\PyCharm Community Edition 2024.1.1\jbr\bin\jli.dll
0x00007ffb09520000 - 0x00007ffb0953b000 	C:\Program Files\JetBrains\PyCharm Community Edition 2024.1.1\jbr\bin\VCRUNTIME140.dll
0x00007ffb14920000 - 0x00007ffb14abf000 	C:\Windows\System32\USER32.dll
0x00007ffaf8040000 - 0x00007ffaf82da000 	C:\Windows\WinSxS\amd64_microsoft.windows.common-controls_6595b64144ccf1df_6.0.19041.4355_none_60b8b9eb71f62e16\COMCTL32.dll
0x00007ffb12880000 - 0x00007ffb128a2000 	C:\Windows\System32\win32u.dll
0x00007ffb14c60000 - 0x00007ffb14cfe000 	C:\Windows\System32\msvcrt.dll
0x00007ffb130d0000 - 0x00007ffb130fb000 	C:\Windows\System32\GDI32.dll
0x00007ffb12be0000 - 0x00007ffb12cf7000 	C:\Windows\System32\gdi32full.dll
0x00007ffb128e0000 - 0x00007ffb1297d000 	C:\Windows\System32\msvcp_win.dll
0x00007ffb13100000 - 0x00007ffb13132000 	C:\Windows\System32\IMM32.DLL
0x00007ffb0de30000 - 0x00007ffb0de3c000 	C:\Program Files\JetBrains\PyCharm Community Edition 2024.1.1\jbr\bin\vcruntime140_1.dll
0x00007ffae98f0000 - 0x00007ffae997d000 	C:\Program Files\JetBrains\PyCharm Community Edition 2024.1.1\jbr\bin\msvcp140.dll
0x00007ffaddda0000 - 0x00007ffadea22000 	C:\Program Files\JetBrains\PyCharm Community Edition 2024.1.1\jbr\bin\server\jvm.dll
0x00007ffb13a30000 - 0x00007ffb13ae0000 	C:\Windows\System32\ADVAPI32.dll
0x00007ffb13140000 - 0x00007ffb131e0000 	C:\Windows\System32\sechost.dll
0x00007ffb13ca0000 - 0x00007ffb13dc3000 	C:\Windows\System32\RPCRT4.dll
0x00007ffb128b0000 - 0x00007ffb128d7000 	C:\Windows\System32\bcrypt.dll
0x00007ffb08a40000 - 0x00007ffb08a49000 	C:\Windows\SYSTEM32\WSOCK32.dll
0x00007ffb12120000 - 0x00007ffb1216b000 	C:\Windows\SYSTEM32\POWRPROF.dll
0x00007ffb07c90000 - 0x00007ffb07cb7000 	C:\Windows\SYSTEM32\WINMM.dll
0x00007ffb08320000 - 0x00007ffb0832a000 	C:\Windows\SYSTEM32\VERSION.dll
0x00007ffb14450000 - 0x00007ffb144bb000 	C:\Windows\System32\WS2_32.dll
0x00007ffb12100000 - 0x00007ffb12112000 	C:\Windows\SYSTEM32\UMPDC.dll
0x00007ffb10210000 - 0x00007ffb10222000 	C:\Windows\SYSTEM32\kernel.appcore.dll
0x00007ffb05000000 - 0x00007ffb0500a000 	C:\Program Files\JetBrains\PyCharm Community Edition 2024.1.1\jbr\bin\jimage.dll
0x00007ffaf62b0000 - 0x00007ffaf6494000 	C:\Windows\SYSTEM32\DBGHELP.DLL
0x00007ffaf6190000 - 0x00007ffaf61c4000 	C:\Windows\SYSTEM32\dbgcore.DLL
0x00007ffb124f0000 - 0x00007ffb12572000 	C:\Windows\System32\bcryptPrimitives.dll
0x00007ffaf7880000 - 0x00007ffaf78a5000 	C:\Program Files\JetBrains\PyCharm Community Edition 2024.1.1\jbr\bin\java.dll

dbghelp: loaded successfully - version: 4.0.5 - missing functions: none
symbol engine: initialized successfully - sym options: 0x614 - pdb path: .;C:\Program Files\JetBrains\PyCharm Community Edition 2024.1.1\jbr\bin;C:\Windows\SYSTEM32;C:\Windows\WinSxS\amd64_microsoft.windows.common-controls_6595b64144ccf1df_6.0.19041.4355_none_60b8b9eb71f62e16;C:\Program Files\JetBrains\PyCharm Community Edition 2024.1.1\jbr\bin\server

VM Arguments:
java_command: git4idea.http.GitAskPassApp Username for 'https://github.com': 
java_class_path (initial): C:/Program Files/JetBrains/PyCharm Community Edition 2024.1.1/plugins/vcs-git/lib/git4idea-rt.jar;C:/Program Files/JetBrains/PyCharm Community Edition 2024.1.1/lib/externalProcess-rt.jar
Launcher Type: SUN_STANDARD

[Global flags]
     intx CICompilerCount                          = 4                                         {product} {ergonomic}
     uint ConcGCThreads                            = 2                                         {product} {ergonomic}
     uint G1ConcRefinementThreads                  = 8                                         {product} {ergonomic}
   size_t G1HeapRegionSize                         = 1048576                                   {product} {ergonomic}
    uintx GCDrainStackTargetSize                   = 64                                        {product} {ergonomic}
   size_t InitialHeapSize                          = 123731968                                 {product} {ergonomic}
   size_t MarkStackSize                            = 4194304                                   {product} {ergonomic}
   size_t MaxHeapSize                              = 1973420032                                {product} {ergonomic}
   size_t MinHeapDeltaBytes                        = 1048576                                   {product} {ergonomic}
   size_t MinHeapSize                              = 8388608                                   {product} {ergonomic}
    uintx NonNMethodCodeHeapSize                   = 5839372                                {pd product} {ergonomic}
    uintx NonProfiledCodeHeapSize                  = 122909434                              {pd product} {ergonomic}
    uintx ProfiledCodeHeapSize                     = 122909434                              {pd product} {ergonomic}
    uintx ReservedCodeCacheSize                    = 251658240                              {pd product} {ergonomic}
     bool SegmentedCodeCache                       = true                                      {product} {ergonomic}
   size_t SoftMaxHeapSize                          = 1973420032                             {manageable} {ergonomic}
     bool UseCompressedClassPointers               = true                           {product lp64_product} {ergonomic}
     bool UseCompressedOops                        = true                           {product lp64_product} {ergonomic}
     bool UseG1GC                                  = true                                      {product} {ergonomic}
     bool UseLargePagesIndividualAllocation        = false                                  {pd product} {ergonomic}

Logging:
Log output configuration:
 #0: stdout all=warning uptime,level,tags
 #1: stderr all=off uptime,level,tags

Environment Variables:
PATH=C:\Program Files\Git\mingw64\libexec\git-core;C:\Program Files\Git\mingw64\libexec\git-core;C:\Program Files\Git\mingw64\bin;C:\Program Files\Git\usr\bin;C:\Users\œË‚ÂÚ\bin;C:\Users\‚ï®–Ø‚ï§–ê‚ï®‚ïï‚ï®‚ñì‚ï®‚ï°‚ï§–í\PycharmProjects\FlaskDZ1\venv\Scripts;C:\Windows\system32;C:\Windows;C:\Windows\System32\Wbem;C:\Windows\System32\WindowsPowerShell\v1.0;C:\Windows\System32\OpenSSH;C:\Program Files\Git\cmd;C:\Users\–ü—Ä–∏–≤–µ—Ç\AppData\Local\Microsoft\WindowsApps;C:\Users\–ü—Ä–∏–≤–µ—Ç\AppData\Local\Programs\Python\Python39\python.exe
USERNAME=œË‚ÂÚ
DISPLAY=:0.0
LC_ALL=en_US.UTF-8
TERM=xterm-256color
TMPDIR=C:\Users\0935~1\AppData\Local\Temp
OS=Windows_NT
PROCESSOR_IDENTIFIER=AMD64 Family 23 Model 104 Stepping 1, AuthenticAMD
TMP=C:\Users\0935~1\AppData\Local\Temp
TEMP=C:\Users\0935~1\AppData\Local\Temp



Periodic native trim disabled

JNI global refs:
JNI global refs: 0, weak refs: 0

JNI global refs memory usage: 0, weak refs: 0

OOME stack traces (most recent first):
Classloader memory used:


---------------  S Y S T E M  ---------------

OS:
 Windows 10 , 64 bit Build 19041 (10.0.19041.3636)
OS uptime: 0 days 9:36 hours
Hyper-V role detected

CPU: total 8 (initial active 8) (8 cores per cpu, 2 threads per core) family 23 model 104 stepping 1 microcode 0x0, cx8, cmov, fxsr, ht, mmx, 3dnowpref, sse, sse2, sse3, ssse3, sse4a, sse4.1, sse4.2, popcnt, lzcnt, tsc, tscinvbit, avx, avx2, aes, clmul, bmi1, bmi2, adx, sha, fma, vzeroupper, clflush, clflushopt, hv
Processor Information for all 8 processors :
  Max Mhz: 2600, Current Mhz: 2600, Mhz Limit: 2600

Memory: 4k page, system-wide physical 7521M (569M free)
TotalPageFile size 8545M (AvailPageFile size 31M)
current process WorkingSet (physical memory assigned to process): 10M, peak: 10M
current process commit charge ("private bytes"): 60M, peak: 178M

vm_info: OpenJDK 64-Bit Server VM (17.0.10+1-b1207.14) for windows-amd64 JRE (17.0.10+1-b1207.14), built on 2024-04-05 by "builduser" with MS VC++ 16.10 / 16.11 (VS2019)

END.
